<?xml version="1.0" encoding="UTF-8"?>
<testsuites name="jest tests" tests="4" failures="0" errors="0" time="0.266">
  <testsuite name="permissionExceptionRepo.upsert" errors="0" failures="0" skipped="0" timestamp="2025-09-21T21:57:46" time="0.215" tests="4">
    <testcase classname="permissionExceptionRepo.upsert borra previos e inserta en bulk" name="permissionExceptionRepo.upsert borra previos e inserta en bulk" time="0.003">
    </testcase>
    <testcase classname="permissionExceptionRepo.upsert sin permisos: solo DELETE y commit" name="permissionExceptionRepo.upsert sin permisos: solo DELETE y commit" time="0.001">
    </testcase>
    <testcase classname="permissionExceptionRepo.list retorna filas mapeadas desde SELECT" name="permissionExceptionRepo.list retorna filas mapeadas desde SELECT" time="0.001">
    </testcase>
    <testcase classname="permissionExceptionRepo.remove DELETE por dupla (user,doc)" name="permissionExceptionRepo.remove DELETE por dupla (user,doc)" time="0">
    </testcase>
  </testsuite>
</testsuites>