<?xml version="1.0" encoding="UTF-8"?>
<testsuites name="patrimonius-backend" tests="2" failures="0" errors="0" time="0.31">
  <testsuite name="documentoService.prepareForSignature" errors="0" failures="0" skipped="0" timestamp="2026-04-22T06:01:53" time="0.228" tests="2">
    <testcase classname="__tests__\documento.service.unit.test.mjs" name="prepara firma con firmantes válidos normalizados" time="0.006" file="__tests__\documento.service.unit.test.mjs">
    </testcase>
    <testcase classname="__tests__\documento.service.unit.test.mjs" name="rechaza cuando no hay firmantes válidos" time="0.002" file="__tests__\documento.service.unit.test.mjs">
    </testcase>
  </testsuite>
</testsuites>