<?xml version="1.0" encoding="UTF-8"?>
<testsuites name="jest tests" tests="2" failures="0" errors="0" time="0.48">
  <testsuite name="controlAcceso.service.getAccessControl" errors="0" failures="0" skipped="0" timestamp="2025-09-21T18:50:51" time="0.354" tests="2">
    <testcase classname="controlAcceso.service.getAccessControl retorna documentos accesibles si unidad coincide" name="controlAcceso.service.getAccessControl retorna documentos accesibles si unidad coincide" time="0.005">
    </testcase>
    <testcase classname="controlAcceso.service.getAccessControl lanza error si el usuario no tiene unidadId" name="controlAcceso.service.getAccessControl lanza error si el usuario no tiene unidadId" time="0.004">
    </testcase>
  </testsuite>
</testsuites>