<?xml version="1.0" encoding="UTF-8"?>
<testsuites name="jest tests" tests="7" failures="0" errors="0" time="0.766">
  <testsuite name="HU-020 documentoService.archiveDocument" errors="0" failures="0" skipped="0" timestamp="2026-03-16T01:17:59" time="0.678" tests="7">
    <testcase classname="HU-020 documentoService.archiveDocument falla con FORBIDDEN si no hay usuario autenticado" name="HU-020 documentoService.archiveDocument falla con FORBIDDEN si no hay usuario autenticado" time="0.003">
    </testcase>
    <testcase classname="HU-020 documentoService.archiveDocument falla con NOT_FOUND si el documento no existe" name="HU-020 documentoService.archiveDocument falla con NOT_FOUND si el documento no existe" time="0.001">
    </testcase>
    <testcase classname="HU-020 documentoService.archiveDocument falla con STATE_ERROR si la verificación está INVALIDA" name="HU-020 documentoService.archiveDocument falla con STATE_ERROR si la verificación está INVALIDA" time="0.001">
    </testcase>
    <testcase classname="HU-020 documentoService.archiveDocument falla con STATE_ERROR si la verificación está CADUCADA" name="HU-020 documentoService.archiveDocument falla con STATE_ERROR si la verificación está CADUCADA" time="0.001">
    </testcase>
    <testcase classname="HU-020 documentoService.archiveDocument falla con STATE_ERROR si la verificación está REVOCADA" name="HU-020 documentoService.archiveDocument falla con STATE_ERROR si la verificación está REVOCADA" time="0">
    </testcase>
    <testcase classname="HU-020 documentoService.archiveDocument archiva correctamente si la verificación está VALIDA" name="HU-020 documentoService.archiveDocument archiva correctamente si la verificación está VALIDA" time="0.001">
    </testcase>
    <testcase classname="HU-020 documentoService.archiveDocument si no existe verificacion_firma_estado, permite archivar con PENDIENTE" name="HU-020 documentoService.archiveDocument si no existe verificacion_firma_estado, permite archivar con PENDIENTE" time="0">
    </testcase>
  </testsuite>
</testsuites>